2025-10-30 17:35:48 - app.api.v1.routes - INFO - analyze_input:79 - Analysis request analysis_1761806148_ce8a670a - Type: InputType.TEXT
2025-10-30 17:35:48 - app.services.sql_injection_detector - INFO - predict:333 - Fallback prediction: SAFE, Risk: 0, Confidence: 1.00
2025-10-30 17:35:48 - app.services.analysis - INFO - _analyze_text_stub:176 - Text analysis: No malicious patterns detected
2025-10-30 17:35:48 - app.services.analysis - INFO - ai_analysis_stub:132 - AI Analysis Stub - Input: InputType.TEXT, Malicious: False, Threats: 0
2025-10-30 17:35:48 - app.api.v1.routes - INFO - analyze_input:134 - Analysis completed - Job: analysis_1761806148_ce8a670a, Malicious: False, Threats: 0
2025-10-30 17:36:03 - app.api.v1.routes - INFO - analyze_input:79 - Analysis request analysis_1761806163_b76d5864 - Type: InputType.TEXT
2025-10-30 17:36:03 - app.services.sql_injection_detector - INFO - predict:333 - Fallback prediction: MALICIOUS, Risk: 15, Confidence: 0.30
2025-10-30 17:36:03 - app.services.analysis - INFO - _analyze_text_stub:170 - SQL injection detected - Risk Score: 15, Confidence: 0.30, Indicators: 4
2025-10-30 17:36:03 - app.services.analysis - INFO - ai_analysis_stub:132 - AI Analysis Stub - Input: InputType.TEXT, Malicious: True, Threats: 1
2025-10-30 17:36:03 - app.api.v1.routes - INFO - analyze_input:134 - Analysis completed - Job: analysis_1761806163_b76d5864, Malicious: True, Threats: 1
2025-10-30 18:37:04 - app.api.v1.routes - INFO - analyze_input:79 - Analysis request analysis_1761809824_abde143a - Type: InputType.TEXT
2025-10-30 18:37:04 - app.services.sql_injection_detector - INFO - predict:333 - Fallback prediction: SAFE, Risk: 0, Confidence: 1.00
2025-10-30 18:37:04 - app.services.analysis - INFO - _analyze_text_stub:176 - Text analysis: No malicious patterns detected
2025-10-30 18:37:04 - app.services.analysis - INFO - ai_analysis_stub:132 - AI Analysis Stub - Input: InputType.TEXT, Malicious: False, Threats: 0
2025-10-30 18:37:04 - app.api.v1.routes - INFO - analyze_input:134 - Analysis completed - Job: analysis_1761809824_abde143a, Malicious: False, Threats: 0
2025-10-30 18:40:30 - app.api.v1.routes - INFO - analyze_input:79 - Analysis request analysis_1761810030_ff7e1cc2 - Type: InputType.TEXT
2025-10-30 18:40:30 - app.services.sql_injection_detector - INFO - predict:333 - Fallback prediction: SAFE, Risk: 0, Confidence: 1.00
2025-10-30 18:40:30 - app.services.analysis - INFO - _analyze_text_stub:176 - Text analysis: No malicious patterns detected
2025-10-30 18:40:30 - app.services.analysis - INFO - ai_analysis_stub:132 - AI Analysis Stub - Input: InputType.TEXT, Malicious: False, Threats: 0
2025-10-30 18:40:30 - app.api.v1.routes - INFO - analyze_input:134 - Analysis completed - Job: analysis_1761810030_ff7e1cc2, Malicious: False, Threats: 0
2025-10-30 18:40:47 - app.api.v1.routes - INFO - analyze_input:79 - Analysis request analysis_1761810047_a73996ee - Type: InputType.TEXT
2025-10-30 18:40:47 - app.services.sql_injection_detector - INFO - predict:333 - Fallback prediction: MALICIOUS, Risk: 15, Confidence: 0.30
2025-10-30 18:40:47 - app.services.analysis - INFO - _analyze_text_stub:170 - SQL injection detected - Risk Score: 15, Confidence: 0.30, Indicators: 4
2025-10-30 18:40:47 - app.services.analysis - INFO - ai_analysis_stub:132 - AI Analysis Stub - Input: InputType.TEXT, Malicious: True, Threats: 1
2025-10-30 18:40:47 - app.api.v1.routes - INFO - analyze_input:134 - Analysis completed - Job: analysis_1761810047_a73996ee, Malicious: True, Threats: 1
2025-10-30 18:55:49 - app.api.v1.routes - INFO - analyze_input:79 - Analysis request analysis_1761810949_3af61c79 - Type: InputType.TEXT
2025-10-30 18:55:49 - app.services.sql_injection_detector - INFO - predict:333 - Fallback prediction: SAFE, Risk: 0, Confidence: 1.00
2025-10-30 18:55:49 - app.services.analysis - INFO - _analyze_text_stub:176 - Text analysis: No malicious patterns detected
2025-10-30 18:55:49 - app.services.analysis - INFO - ai_analysis_stub:132 - AI Analysis Stub - Input: InputType.TEXT, Malicious: False, Threats: 0
2025-10-30 18:55:50 - app.api.v1.routes - INFO - analyze_input:134 - Analysis completed - Job: analysis_1761810949_3af61c79, Malicious: False, Threats: 0
2025-10-30 21:40:58 - app.api.v1.routes - INFO - analyze_input:79 - Analysis request analysis_1761820858_0c002d7d - Type: InputType.TEXT
2025-10-30 21:40:58 - app.services.sql_injection_detector - INFO - predict:333 - Fallback prediction: SAFE, Risk: 0, Confidence: 1.00
2025-10-30 21:40:58 - app.services.analysis - INFO - _analyze_text_stub:176 - Text analysis: No malicious patterns detected
2025-10-30 21:40:58 - app.services.analysis - INFO - ai_analysis_stub:132 - AI Analysis Stub - Input: InputType.TEXT, Malicious: False, Threats: 0
2025-10-30 21:40:58 - app.api.v1.routes - INFO - analyze_input:134 - Analysis completed - Job: analysis_1761820858_0c002d7d, Malicious: False, Threats: 0
2025-10-30 21:41:16 - app.api.v1.routes - INFO - analyze_input:79 - Analysis request analysis_1761820876_8dc45a1f - Type: InputType.TEXT
2025-10-30 21:41:16 - app.services.sql_injection_detector - INFO - predict:333 - Fallback prediction: MALICIOUS, Risk: 15, Confidence: 0.30
2025-10-30 21:41:16 - app.services.analysis - INFO - _analyze_text_stub:170 - SQL injection detected - Risk Score: 15, Confidence: 0.30, Indicators: 4
2025-10-30 21:41:16 - app.services.analysis - INFO - ai_analysis_stub:132 - AI Analysis Stub - Input: InputType.TEXT, Malicious: True, Threats: 1
2025-10-30 21:41:16 - app.api.v1.routes - INFO - analyze_input:134 - Analysis completed - Job: analysis_1761820876_8dc45a1f, Malicious: True, Threats: 1
2025-10-31 00:13:20 - app.api.v1.routes - INFO - analyze_input:79 - Analysis request analysis_1761830000_c99de258 - Type: InputType.TEXT
2025-10-31 00:13:20 - app.services.sql_injection_detector - INFO - predict:333 - Fallback prediction: SAFE, Risk: 0, Confidence: 1.00
2025-10-31 00:13:20 - app.services.analysis - INFO - _analyze_text_stub:176 - Text analysis: No malicious patterns detected
2025-10-31 00:13:20 - app.services.analysis - INFO - ai_analysis_stub:132 - AI Analysis Stub - Input: InputType.TEXT, Malicious: False, Threats: 0
2025-10-31 00:13:20 - app.api.v1.routes - INFO - analyze_input:134 - Analysis completed - Job: analysis_1761830000_c99de258, Malicious: False, Threats: 0
2025-10-31 00:13:29 - app.api.v1.routes - INFO - analyze_input:79 - Analysis request analysis_1761830009_eca9914f - Type: InputType.TEXT
2025-10-31 00:13:29 - app.services.sql_injection_detector - INFO - predict:333 - Fallback prediction: SAFE, Risk: 0, Confidence: 1.00
2025-10-31 00:13:29 - app.services.analysis - INFO - _analyze_text_stub:176 - Text analysis: No malicious patterns detected
2025-10-31 00:13:29 - app.services.analysis - INFO - ai_analysis_stub:132 - AI Analysis Stub - Input: InputType.TEXT, Malicious: False, Threats: 0
2025-10-31 00:13:29 - app.api.v1.routes - INFO - analyze_input:134 - Analysis completed - Job: analysis_1761830009_eca9914f, Malicious: False, Threats: 0
2025-10-31 00:13:43 - app.api.v1.routes - INFO - analyze_input:79 - Analysis request analysis_1761830023_7fa32233 - Type: InputType.TEXT
2025-10-31 00:13:43 - app.services.sql_injection_detector - INFO - predict:333 - Fallback prediction: MALICIOUS, Risk: 15, Confidence: 0.30
2025-10-31 00:13:43 - app.services.analysis - INFO - _analyze_text_stub:170 - SQL injection detected - Risk Score: 15, Confidence: 0.30, Indicators: 4
2025-10-31 00:13:43 - app.services.analysis - INFO - ai_analysis_stub:132 - AI Analysis Stub - Input: InputType.TEXT, Malicious: True, Threats: 1
2025-10-31 00:13:43 - app.api.v1.routes - INFO - analyze_input:134 - Analysis completed - Job: analysis_1761830023_7fa32233, Malicious: True, Threats: 1
2025-10-31 00:16:24 - app.api.v1.routes - INFO - analyze_input:79 - Analysis request analysis_1761830184_cee1c043 - Type: InputType.TEXT
2025-10-31 00:16:24 - app.services.sql_injection_detector - INFO - predict:333 - Fallback prediction: SAFE, Risk: 0, Confidence: 1.00
2025-10-31 00:16:24 - app.services.analysis - INFO - _analyze_text_stub:176 - Text analysis: No malicious patterns detected
2025-10-31 00:16:24 - app.services.analysis - INFO - ai_analysis_stub:132 - AI Analysis Stub - Input: InputType.TEXT, Malicious: False, Threats: 0
2025-10-31 00:16:24 - app.api.v1.routes - INFO - analyze_input:134 - Analysis completed - Job: analysis_1761830184_cee1c043, Malicious: False, Threats: 0
2025-10-31 00:16:31 - app.api.v1.routes - INFO - analyze_input:79 - Analysis request analysis_1761830191_78b65361 - Type: InputType.TEXT
2025-10-31 00:16:31 - app.services.sql_injection_detector - INFO - predict:333 - Fallback prediction: MALICIOUS, Risk: 15, Confidence: 0.30
2025-10-31 00:16:31 - app.services.analysis - INFO - _analyze_text_stub:170 - SQL injection detected - Risk Score: 15, Confidence: 0.30, Indicators: 4
2025-10-31 00:16:31 - app.services.analysis - INFO - ai_analysis_stub:132 - AI Analysis Stub - Input: InputType.TEXT, Malicious: True, Threats: 1
2025-10-31 00:16:31 - app.api.v1.routes - INFO - analyze_input:134 - Analysis completed - Job: analysis_1761830191_78b65361, Malicious: True, Threats: 1
2025-10-31 00:36:51 - app.api.v1.routes - INFO - analyze_input:79 - Analysis request analysis_1761831411_a2ef58fb - Type: InputType.TEXT
2025-10-31 00:36:51 - app.services.sql_injection_detector - INFO - predict:333 - Fallback prediction: SAFE, Risk: 0, Confidence: 1.00
2025-10-31 00:36:51 - app.services.analysis - INFO - _analyze_text_stub:176 - Text analysis: No malicious patterns detected
2025-10-31 00:36:51 - app.services.analysis - INFO - ai_analysis_stub:132 - AI Analysis Stub - Input: InputType.TEXT, Malicious: False, Threats: 0
2025-10-31 00:36:51 - app.api.v1.routes - INFO - analyze_input:134 - Analysis completed - Job: analysis_1761831411_a2ef58fb, Malicious: False, Threats: 0
2025-10-31 00:36:59 - app.api.v1.routes - INFO - analyze_input:79 - Analysis request analysis_1761831419_06591ae1 - Type: InputType.TEXT
2025-10-31 00:36:59 - app.services.sql_injection_detector - INFO - predict:333 - Fallback prediction: MALICIOUS, Risk: 15, Confidence: 0.30
2025-10-31 00:36:59 - app.services.analysis - INFO - _analyze_text_stub:170 - SQL injection detected - Risk Score: 15, Confidence: 0.30, Indicators: 4
2025-10-31 00:36:59 - app.services.analysis - INFO - ai_analysis_stub:132 - AI Analysis Stub - Input: InputType.TEXT, Malicious: True, Threats: 1
2025-10-31 00:36:59 - app.api.v1.routes - INFO - analyze_input:134 - Analysis completed - Job: analysis_1761831419_06591ae1, Malicious: True, Threats: 1
2025-10-31 00:37:50 - app.api.v1.routes - INFO - analyze_input:79 - Analysis request analysis_1761831470_4b87f776 - Type: InputType.TEXT
2025-10-31 00:37:50 - app.services.sql_injection_detector - INFO - predict:333 - Fallback prediction: SAFE, Risk: 0, Confidence: 1.00
2025-10-31 00:37:50 - app.services.analysis - INFO - _analyze_text_stub:176 - Text analysis: No malicious patterns detected
2025-10-31 00:37:50 - app.services.analysis - INFO - ai_analysis_stub:132 - AI Analysis Stub - Input: InputType.TEXT, Malicious: False, Threats: 0
2025-10-31 00:37:50 - app.api.v1.routes - INFO - analyze_input:134 - Analysis completed - Job: analysis_1761831470_4b87f776, Malicious: False, Threats: 0
2025-10-31 00:37:57 - app.api.v1.routes - INFO - analyze_input:79 - Analysis request analysis_1761831477_efe0995e - Type: InputType.TEXT
2025-10-31 00:37:57 - app.services.sql_injection_detector - INFO - predict:333 - Fallback prediction: MALICIOUS, Risk: 15, Confidence: 0.30
2025-10-31 00:37:57 - app.services.analysis - INFO - _analyze_text_stub:170 - SQL injection detected - Risk Score: 15, Confidence: 0.30, Indicators: 4
2025-10-31 00:37:57 - app.services.analysis - INFO - ai_analysis_stub:132 - AI Analysis Stub - Input: InputType.TEXT, Malicious: True, Threats: 1
2025-10-31 00:37:57 - app.api.v1.routes - INFO - analyze_input:134 - Analysis completed - Job: analysis_1761831477_efe0995e, Malicious: True, Threats: 1
2025-10-31 00:38:33 - app.api.v1.routes - INFO - analyze_input:79 - Analysis request analysis_1761831513_10e55d8b - Type: InputType.TEXT
2025-10-31 00:38:33 - app.services.sql_injection_detector - INFO - predict:333 - Fallback prediction: MALICIOUS, Risk: 25, Confidence: 0.50
2025-10-31 00:38:33 - app.services.analysis - INFO - _analyze_text_stub:170 - SQL injection detected - Risk Score: 25, Confidence: 0.50, Indicators: 2
2025-10-31 00:38:33 - app.services.analysis - INFO - ai_analysis_stub:132 - AI Analysis Stub - Input: InputType.TEXT, Malicious: True, Threats: 1
2025-10-31 00:38:33 - app.api.v1.routes - INFO - analyze_input:134 - Analysis completed - Job: analysis_1761831513_10e55d8b, Malicious: True, Threats: 1
2025-10-31 00:42:10 - app.api.v1.routes - INFO - analyze_input:79 - Analysis request analysis_1761831730_a60113bf - Type: InputType.TEXT
2025-10-31 00:42:10 - app.services.sql_injection_detector - INFO - predict:333 - Fallback prediction: MALICIOUS, Risk: 15, Confidence: 0.30
2025-10-31 00:42:10 - app.services.analysis - INFO - _analyze_text_stub:170 - SQL injection detected - Risk Score: 15, Confidence: 0.30, Indicators: 4
2025-10-31 00:42:10 - app.services.analysis - INFO - ai_analysis_stub:132 - AI Analysis Stub - Input: InputType.TEXT, Malicious: True, Threats: 1
2025-10-31 00:42:10 - app.api.v1.routes - INFO - analyze_input:134 - Analysis completed - Job: analysis_1761831730_a60113bf, Malicious: True, Threats: 1
2025-10-31 00:44:10 - app.api.v1.routes - INFO - analyze_input:79 - Analysis request analysis_1761831850_0dd87c66 - Type: InputType.TEXT
2025-10-31 00:44:11 - app.services.sql_injection_detector - INFO - predict:333 - Fallback prediction: SAFE, Risk: 0, Confidence: 1.00
2025-10-31 00:44:11 - app.services.analysis - INFO - _analyze_text_stub:176 - Text analysis: No malicious patterns detected
2025-10-31 00:44:11 - app.services.analysis - INFO - ai_analysis_stub:132 - AI Analysis Stub - Input: InputType.TEXT, Malicious: False, Threats: 0
2025-10-31 00:44:11 - app.api.v1.routes - INFO - analyze_input:134 - Analysis completed - Job: analysis_1761831850_0dd87c66, Malicious: False, Threats: 0
2025-10-31 00:44:17 - app.api.v1.routes - INFO - analyze_input:79 - Analysis request analysis_1761831857_3f1c812b - Type: InputType.TEXT
2025-10-31 00:44:18 - app.services.sql_injection_detector - INFO - predict:333 - Fallback prediction: SAFE, Risk: 0, Confidence: 1.00
2025-10-31 00:44:18 - app.services.analysis - INFO - _analyze_text_stub:176 - Text analysis: No malicious patterns detected
2025-10-31 00:44:18 - app.services.analysis - INFO - ai_analysis_stub:132 - AI Analysis Stub - Input: InputType.TEXT, Malicious: False, Threats: 0
2025-10-31 00:44:18 - app.api.v1.routes - INFO - analyze_input:134 - Analysis completed - Job: analysis_1761831857_3f1c812b, Malicious: False, Threats: 0
2025-10-31 00:44:28 - app.api.v1.routes - INFO - analyze_input:79 - Analysis request analysis_1761831868_78e27840 - Type: InputType.TEXT
2025-10-31 00:44:28 - app.services.sql_injection_detector - INFO - predict:333 - Fallback prediction: MALICIOUS, Risk: 15, Confidence: 0.30
2025-10-31 00:44:28 - app.services.analysis - INFO - _analyze_text_stub:170 - SQL injection detected - Risk Score: 15, Confidence: 0.30, Indicators: 4
2025-10-31 00:44:28 - app.services.analysis - INFO - ai_analysis_stub:132 - AI Analysis Stub - Input: InputType.TEXT, Malicious: True, Threats: 1
2025-10-31 00:44:28 - app.api.v1.routes - INFO - analyze_input:134 - Analysis completed - Job: analysis_1761831868_78e27840, Malicious: True, Threats: 1
2025-10-31 00:45:57 - app.api.v1.routes - INFO - analyze_input:79 - Analysis request analysis_1761831957_e568616c - Type: InputType.TEXT
2025-10-31 00:45:57 - app.services.sql_injection_detector - INFO - predict:333 - Fallback prediction: MALICIOUS, Risk: 15, Confidence: 0.30
2025-10-31 00:45:57 - app.services.analysis - INFO - _analyze_text_stub:170 - SQL injection detected - Risk Score: 15, Confidence: 0.30, Indicators: 4
2025-10-31 00:45:57 - app.services.analysis - INFO - ai_analysis_stub:132 - AI Analysis Stub - Input: InputType.TEXT, Malicious: True, Threats: 1
2025-10-31 00:45:57 - app.api.v1.routes - INFO - analyze_input:134 - Analysis completed - Job: analysis_1761831957_e568616c, Malicious: True, Threats: 1
2025-10-31 00:46:09 - app.api.v1.routes - INFO - analyze_input:79 - Analysis request analysis_1761831969_3d6b86dd - Type: InputType.TEXT
2025-10-31 00:46:09 - app.services.sql_injection_detector - INFO - predict:333 - Fallback prediction: MALICIOUS, Risk: 25, Confidence: 0.50
2025-10-31 00:46:09 - app.services.analysis - INFO - _analyze_text_stub:170 - SQL injection detected - Risk Score: 25, Confidence: 0.50, Indicators: 2
2025-10-31 00:46:09 - app.services.analysis - INFO - ai_analysis_stub:132 - AI Analysis Stub - Input: InputType.TEXT, Malicious: True, Threats: 1
2025-10-31 00:46:09 - app.api.v1.routes - INFO - analyze_input:134 - Analysis completed - Job: analysis_1761831969_3d6b86dd, Malicious: True, Threats: 1
2025-10-31 00:50:02 - app.api.v1.routes - INFO - analyze_input:79 - Analysis request analysis_1761832202_74776ce2 - Type: InputType.TEXT
2025-10-31 00:50:03 - app.services.sql_injection_detector - INFO - predict:333 - Fallback prediction: SAFE, Risk: 0, Confidence: 1.00
2025-10-31 00:50:03 - app.services.analysis - INFO - _analyze_text_stub:176 - Text analysis: No malicious patterns detected
2025-10-31 00:50:03 - app.services.analysis - INFO - ai_analysis_stub:132 - AI Analysis Stub - Input: InputType.TEXT, Malicious: False, Threats: 0
2025-10-31 00:50:03 - app.api.v1.routes - INFO - analyze_input:134 - Analysis completed - Job: analysis_1761832202_74776ce2, Malicious: False, Threats: 0
2025-10-31 00:50:15 - app.api.v1.routes - INFO - analyze_input:79 - Analysis request analysis_1761832215_ef261ec1 - Type: InputType.TEXT
2025-10-31 00:50:15 - app.services.sql_injection_detector - INFO - predict:333 - Fallback prediction: MALICIOUS, Risk: 15, Confidence: 0.30
2025-10-31 00:50:15 - app.services.analysis - INFO - _analyze_text_stub:170 - SQL injection detected - Risk Score: 15, Confidence: 0.30, Indicators: 4
2025-10-31 00:50:15 - app.services.analysis - INFO - ai_analysis_stub:132 - AI Analysis Stub - Input: InputType.TEXT, Malicious: True, Threats: 1
2025-10-31 00:50:15 - app.api.v1.routes - INFO - analyze_input:134 - Analysis completed - Job: analysis_1761832215_ef261ec1, Malicious: True, Threats: 1
2025-10-31 00:57:49 - app.api.v1.routes - INFO - analyze_input:79 - Analysis request analysis_1761832669_9feaf5bf - Type: InputType.TEXT
2025-10-31 00:57:49 - app.services.sql_injection_detector - INFO - predict:333 - Fallback prediction: MALICIOUS, Risk: 15, Confidence: 0.30
2025-10-31 00:57:49 - app.services.analysis - INFO - _analyze_text_stub:170 - SQL injection detected - Risk Score: 15, Confidence: 0.30, Indicators: 4
2025-10-31 00:57:49 - app.services.analysis - INFO - ai_analysis_stub:132 - AI Analysis Stub - Input: InputType.TEXT, Malicious: True, Threats: 1
2025-10-31 00:57:49 - app.api.v1.routes - INFO - analyze_input:134 - Analysis completed - Job: analysis_1761832669_9feaf5bf, Malicious: True, Threats: 1
2025-10-31 01:05:12 - app.api.v1.routes - INFO - analyze_input:79 - Analysis request analysis_1761833112_da51b9f6 - Type: InputType.TEXT
2025-10-31 01:05:12 - app.services.sql_injection_detector - INFO - predict:333 - Fallback prediction: MALICIOUS, Risk: 15, Confidence: 0.30
2025-10-31 01:05:12 - app.services.analysis - INFO - _analyze_text_stub:170 - SQL injection detected - Risk Score: 15, Confidence: 0.30, Indicators: 4
2025-10-31 01:05:12 - app.services.analysis - INFO - ai_analysis_stub:132 - AI Analysis Stub - Input: InputType.TEXT, Malicious: True, Threats: 1
2025-10-31 01:05:12 - app.api.v1.routes - INFO - analyze_input:134 - Analysis completed - Job: analysis_1761833112_da51b9f6, Malicious: True, Threats: 1
2025-10-31 01:05:24 - app.api.v1.routes - INFO - analyze_input:79 - Analysis request analysis_1761833124_c903542c - Type: InputType.TEXT
2025-10-31 01:05:25 - app.services.sql_injection_detector - INFO - predict:333 - Fallback prediction: SAFE, Risk: 0, Confidence: 1.00
2025-10-31 01:05:25 - app.services.analysis - INFO - _analyze_text_stub:176 - Text analysis: No malicious patterns detected
2025-10-31 01:05:25 - app.services.analysis - INFO - ai_analysis_stub:132 - AI Analysis Stub - Input: InputType.TEXT, Malicious: False, Threats: 0
2025-10-31 01:05:25 - app.api.v1.routes - INFO - analyze_input:134 - Analysis completed - Job: analysis_1761833124_c903542c, Malicious: False, Threats: 0
2025-10-31 01:05:34 - app.api.v1.routes - INFO - analyze_input:79 - Analysis request analysis_1761833134_e60d4fba - Type: InputType.TEXT
2025-10-31 01:05:34 - app.services.sql_injection_detector - INFO - predict:333 - Fallback prediction: MALICIOUS, Risk: 15, Confidence: 0.30
2025-10-31 01:05:34 - app.services.analysis - INFO - _analyze_text_stub:170 - SQL injection detected - Risk Score: 15, Confidence: 0.30, Indicators: 4
2025-10-31 01:05:34 - app.services.analysis - INFO - ai_analysis_stub:132 - AI Analysis Stub - Input: InputType.TEXT, Malicious: True, Threats: 1
2025-10-31 01:05:34 - app.api.v1.routes - INFO - analyze_input:134 - Analysis completed - Job: analysis_1761833134_e60d4fba, Malicious: True, Threats: 1
2025-10-31 01:09:25 - app.api.v1.routes - INFO - analyze_input:83 - Analysis request analysis_1761833365_d10b5d86 - Type: InputType.TEXT
2025-10-31 01:09:25 - app.services.sql_injection_detector - INFO - predict:333 - Fallback prediction: MALICIOUS, Risk: 15, Confidence: 0.30
2025-10-31 01:09:25 - app.services.analysis - INFO - _analyze_text_stub:170 - SQL injection detected - Risk Score: 15, Confidence: 0.30, Indicators: 4
2025-10-31 01:09:25 - app.services.analysis - INFO - ai_analysis_stub:132 - AI Analysis Stub - Input: InputType.TEXT, Malicious: True, Threats: 1
2025-10-31 01:09:25 - app.api.v1.routes - INFO - analyze_input:138 - Analysis completed - Job: analysis_1761833365_d10b5d86, Malicious: True, Threats: 1
2025-10-31 01:09:39 - app.api.v1.routes - INFO - analyze_input:83 - Analysis request analysis_1761833379_9b3574c9 - Type: InputType.TEXT
2025-10-31 01:09:40 - app.services.sql_injection_detector - INFO - predict:333 - Fallback prediction: SAFE, Risk: 0, Confidence: 1.00
2025-10-31 01:09:40 - app.services.analysis - INFO - _analyze_text_stub:176 - Text analysis: No malicious patterns detected
2025-10-31 01:09:40 - app.services.analysis - INFO - ai_analysis_stub:132 - AI Analysis Stub - Input: InputType.TEXT, Malicious: False, Threats: 0
2025-10-31 01:09:40 - app.api.v1.routes - INFO - analyze_input:138 - Analysis completed - Job: analysis_1761833379_9b3574c9, Malicious: False, Threats: 0
2025-10-31 01:09:46 - app.api.v1.routes - INFO - analyze_input:83 - Analysis request analysis_1761833386_aca34a5d - Type: InputType.TEXT
2025-10-31 01:09:47 - app.services.sql_injection_detector - INFO - predict:333 - Fallback prediction: MALICIOUS, Risk: 15, Confidence: 0.30
2025-10-31 01:09:47 - app.services.analysis - INFO - _analyze_text_stub:170 - SQL injection detected - Risk Score: 15, Confidence: 0.30, Indicators: 4
2025-10-31 01:09:47 - app.services.analysis - INFO - ai_analysis_stub:132 - AI Analysis Stub - Input: InputType.TEXT, Malicious: True, Threats: 1
2025-10-31 01:09:47 - app.api.v1.routes - INFO - analyze_input:138 - Analysis completed - Job: analysis_1761833386_aca34a5d, Malicious: True, Threats: 1
2025-10-31 02:01:24 - app.api.v1.honeypot - INFO - honeypot_interaction:28 - [HONEYPOT] Session: HNY-YBEMF8W57 | Input: ls -la
2025-10-31 02:01:24 - app.api.v1.honeypot - INFO - honeypot_interaction:40 - [HONEYPOT] Session: HNY-YBEMF8W57 | Response: drwxr-xr-x 2 root root 4096 Oct 15 12:34 config
drwxr-xr-x 3 www-data www-data 4096 Oct 20 08:22 log...
2025-10-31 02:02:24 - app.api.v1.honeypot - INFO - honeypot_interaction:28 - [HONEYPOT] Session: HNY-YBEMF8W57 | Input: cat secrets.txt
2025-10-31 02:02:24 - app.api.v1.honeypot - INFO - honeypot_interaction:40 - [HONEYPOT] Session: HNY-YBEMF8W57 | Response: [SECRETS FILE]
DB_PASSWORD=admin123_temp
API_KEY=sk-test-abc123def456
JWT_SECRET=supersecret_change_...
2025-10-31 02:39:00 - app.api.v1.routes - INFO - analyze_input:83 - Analysis request analysis_1761838740_1a353d33 - Type: InputType.TEXT
2025-10-31 02:39:01 - app.services.sql_injection_detector - INFO - predict:333 - Fallback prediction: MALICIOUS, Risk: 15, Confidence: 0.30
2025-10-31 02:39:01 - app.services.analysis - INFO - _analyze_text_stub:170 - SQL injection detected - Risk Score: 15, Confidence: 0.30, Indicators: 4
2025-10-31 02:39:01 - app.services.analysis - INFO - ai_analysis_stub:132 - AI Analysis Stub - Input: InputType.TEXT, Malicious: True, Threats: 1
2025-10-31 02:39:01 - app.api.v1.routes - INFO - analyze_input:138 - Analysis completed - Job: analysis_1761838740_1a353d33, Malicious: True, Threats: 1
2025-10-31 02:39:06 - app.api.v1.honeypot - INFO - honeypot_interaction:28 - [HONEYPOT] Session: HNY-SL5RAF54K | Input: ls -la
2025-10-31 02:39:06 - app.api.v1.honeypot - INFO - honeypot_interaction:40 - [HONEYPOT] Session: HNY-SL5RAF54K | Response: drwxr-xr-x 2 root root 4096 Oct 15 12:34 config
drwxr-xr-x 3 www-data www-data 4096 Oct 20 08:22 log...
2025-10-31 02:39:20 - app.api.v1.routes - INFO - analyze_input:83 - Analysis request analysis_1761838760_da6c7733 - Type: InputType.TEXT
2025-10-31 02:39:20 - app.services.sql_injection_detector - INFO - predict:333 - Fallback prediction: SAFE, Risk: 0, Confidence: 1.00
2025-10-31 02:39:20 - app.services.analysis - INFO - _analyze_text_stub:176 - Text analysis: No malicious patterns detected
2025-10-31 02:39:20 - app.services.analysis - INFO - ai_analysis_stub:132 - AI Analysis Stub - Input: InputType.TEXT, Malicious: False, Threats: 0
2025-10-31 02:39:20 - app.api.v1.routes - INFO - analyze_input:138 - Analysis completed - Job: analysis_1761838760_da6c7733, Malicious: False, Threats: 0
